2002.03.21 05:11 B C:\My Documents\Pregnancy\images\12daysOverdue.jpg --> ftp.thescreenscene.com /baby/temp/images 12daysOverdue.jpg
2002.03.21 05:11 B C:\My Documents\Pregnancy\images\atomBirth2.gif --> ftp.thescreenscene.com /baby/temp/images atomBirth2.gif
2002.03.21 05:12 B C:\My Documents\Pregnancy\images\baby001.jpg --> ftp.thescreenscene.com /baby/temp/images baby001.jpg
2002.03.21 05:12 B C:\My Documents\Pregnancy\images\bath01.jpg --> ftp.thescreenscene.com /baby/temp/images bath01.jpg
2002.03.21 05:12 B C:\My Documents\Pregnancy\images\bath03.jpg --> ftp.thescreenscene.com /baby/temp/images bath03.jpg
2002.03.21 05:12 B C:\My Documents\Pregnancy\images\bath05.jpg --> ftp.thescreenscene.com /baby/temp/images bath05.jpg
2002.03.21 05:12 B C:\My Documents\Pregnancy\images\bath06.jpg --> ftp.thescreenscene.com /baby/temp/images bath06.jpg
2002.03.21 05:12 B C:\My Documents\Pregnancy\images\busterMax.jpg --> ftp.thescreenscene.com /baby/temp/images busterMax.jpg
2002.03.21 05:13 B C:\My Documents\Pregnancy\images\cloudsnew.jpg --> ftp.thescreenscene.com /baby/temp/images cloudsnew.jpg
2002.03.21 05:13 B C:\My Documents\Pregnancy\images\evans_lake.jpg --> ftp.thescreenscene.com /baby/temp/images evans_lake.jpg
2002.03.21 05:13 B C:\My Documents\Pregnancy\images\family01.jpg --> ftp.thescreenscene.com /baby/temp/images family01.jpg
2002.03.21 05:13 B C:\My Documents\Pregnancy\images\groovy1.jpg --> ftp.thescreenscene.com /baby/temp/images groovy1.jpg
2002.03.21 05:13 B C:\My Documents\Pregnancy\images\groovy4.gif --> ftp.thescreenscene.com /baby/temp/images groovy4.gif
2002.03.21 05:13 B C:\My Documents\Pregnancy\images\groovyBlue.gif --> ftp.thescreenscene.com /baby/temp/images groovyBlue.gif
2002.03.21 05:13 B C:\My Documents\Pregnancy\images\groovyWk32.jpg --> ftp.thescreenscene.com /baby/temp/images groovyWk32.jpg
2002.03.21 05:14 B C:\My Documents\Pregnancy\images\indexWkg2_01.jpg --> ftp.thescreenscene.com /baby/temp/images indexWkg2_01.jpg
2002.03.21 05:14 B C:\My Documents\Pregnancy\images\indexWkg2_02.jpg --> ftp.thescreenscene.com /baby/temp/images indexWkg2_02.jpg
2002.03.21 05:14 B C:\My Documents\Pregnancy\images\indexWkg2_04.jpg --> ftp.thescreenscene.com /baby/temp/images indexWkg2_04.jpg
2002.03.21 05:14 B C:\My Documents\Pregnancy\images\indexWkg2_05.jpg --> ftp.thescreenscene.com /baby/temp/images indexWkg2_05.jpg
2002.03.21 05:14 B C:\My Documents\Pregnancy\images\lotsObaby_030302.jpg --> ftp.thescreenscene.com /baby/temp/images lotsObaby_030302.jpg
2002.03.21 05:14 B C:\My Documents\Pregnancy\images\noName_yet.jpg --> ftp.thescreenscene.com /baby/temp/images noName_yet.jpg
2002.03.21 05:14 B C:\My Documents\Pregnancy\images\pattern10.jpg --> ftp.thescreenscene.com /baby/temp/images pattern10.jpg
2002.03.21 05:14 B C:\My Documents\Pregnancy\images\pattern11.jpg --> ftp.thescreenscene.com /baby/temp/images pattern11.jpg
2002.03.21 05:14 B C:\My Documents\Pregnancy\images\pattern12.jpg --> ftp.thescreenscene.com /baby/temp/images pattern12.jpg
2002.03.21 05:15 B C:\My Documents\Pregnancy\images\pattern13.jpg --> ftp.thescreenscene.com /baby/temp/images pattern13.jpg
2002.03.21 05:15 B C:\My Documents\Pregnancy\images\pattern14.jpg --> ftp.thescreenscene.com /baby/temp/images pattern14.jpg
2002.03.21 05:15 B C:\My Documents\Pregnancy\images\pattern15.jpg --> ftp.thescreenscene.com /baby/temp/images pattern15.jpg
2002.03.21 05:15 B C:\My Documents\Pregnancy\images\pattern2.jpg --> ftp.thescreenscene.com /baby/temp/images pattern2.jpg
2002.03.21 05:15 B C:\My Documents\Pregnancy\images\pattern3.jpg --> ftp.thescreenscene.com /baby/temp/images pattern3.jpg
2002.03.21 05:15 B C:\My Documents\Pregnancy\images\pattern4.jpg --> ftp.thescreenscene.com /baby/temp/images pattern4.jpg
2002.03.21 05:15 B C:\My Documents\Pregnancy\images\pattern5.jpg --> ftp.thescreenscene.com /baby/temp/images pattern5.jpg
2002.03.21 05:15 B C:\My Documents\Pregnancy\images\pattern6.jpg --> ftp.thescreenscene.com /baby/temp/images pattern6.jpg
2002.03.21 05:16 B C:\My Documents\Pregnancy\images\pattern7.jpg --> ftp.thescreenscene.com /baby/temp/images pattern7.jpg
2002.03.21 05:16 B C:\My Documents\Pregnancy\images\pattern8.jpg --> ftp.thescreenscene.com /baby/temp/images pattern8.jpg
2002.03.21 05:16 B C:\My Documents\Pregnancy\images\pattern9.jpg --> ftp.thescreenscene.com /baby/temp/images pattern9.jpg
2002.03.21 05:17 B C:\My Documents\Pregnancy\images\pspbrwse.jbf --> ftp.thescreenscene.com /baby/temp/images pspbrwse.jbf
2002.03.21 05:17 B C:\My Documents\Pregnancy\images\room01.jpg --> ftp.thescreenscene.com /baby/temp/images room01.jpg
2002.03.21 05:17 B C:\My Documents\Pregnancy\images\room02.jpg --> ftp.thescreenscene.com /baby/temp/images room02.jpg
2002.03.21 05:18 B C:\My Documents\Pregnancy\images\room03.jpg --> ftp.thescreenscene.com /baby/temp/images room03.jpg
2002.03.21 05:19 B C:\My Documents\Pregnancy\images\room04.jpg --> ftp.thescreenscene.com /baby/temp/images room04.jpg
2002.03.21 05:19 B C:\My Documents\Pregnancy\images\room05.jpg --> ftp.thescreenscene.com /baby/temp/images room05.jpg
2002.03.21 05:19 B C:\My Documents\Pregnancy\images\spacer.gif --> ftp.thescreenscene.com /baby/temp/images spacer.gif
2002.03.21 05:20 B C:\My Documents\Pregnancy\images\sunglasses030602.jpg --> ftp.thescreenscene.com /baby/temp/images sunglasses030602.jpg
2002.03.21 05:20 B C:\My Documents\Pregnancy\images\swimmingStatic.jpg --> ftp.thescreenscene.com /baby/temp/images swimmingStatic.jpg
2002.03.21 05:21 B C:\My Documents\Pregnancy\images\wk34.jpg --> ftp.thescreenscene.com /baby/temp/images wk34.jpg
2002.03.21 05:24 B C:\My Documents\Pregnancy\images\wk40and3Days.jpg --> ftp.thescreenscene.com /baby/temp/images wk40and3Days.jpg
2002.03.21 05:24 B C:\My Documents\Pregnancy\images\wk40and4days.jpg --> ftp.thescreenscene.com /baby/temp/images wk40and4days.jpg
2002.03.21 05:26 B C:\My Documents\Pregnancy\images\wk40andaDay.jpg --> ftp.thescreenscene.com /baby/temp/images wk40andaDay.jpg
2002.03.21 05:26 B C:\My Documents\Pregnancy\images\wk41_1day.jpg --> ftp.thescreenscene.com /baby/temp/images wk41_1day.jpg
2002.03.21 23:04 B C:\My Documents\Pregnancy\images\12daysOverdue.jpg --> ftp.thescreenscene.com /family/images 12daysOverdue.jpg
2002.03.21 23:04 B C:\My Documents\Pregnancy\images\atomBirth2.gif --> ftp.thescreenscene.com /family/images atomBirth2.gif
2002.03.21 23:04 B C:\My Documents\Pregnancy\images\baby001.jpg --> ftp.thescreenscene.com /family/images baby001.jpg
2002.03.21 23:04 B C:\My Documents\Pregnancy\images\bath01.jpg --> ftp.thescreenscene.com /family/images bath01.jpg
2002.03.21 23:04 B C:\My Documents\Pregnancy\images\bath03.jpg --> ftp.thescreenscene.com /family/images bath03.jpg
2002.03.21 23:05 B C:\My Documents\Pregnancy\images\bath05.jpg --> ftp.thescreenscene.com /family/images bath05.jpg
2002.03.21 23:05 B C:\My Documents\Pregnancy\images\bath06.jpg --> ftp.thescreenscene.com /family/images bath06.jpg
2002.03.21 23:05 B C:\My Documents\Pregnancy\images\busterMax.jpg --> ftp.thescreenscene.com /family/images busterMax.jpg
2002.03.21 23:05 B C:\My Documents\Pregnancy\images\cloudsnew.jpg --> ftp.thescreenscene.com /family/images cloudsnew.jpg
2002.03.21 23:05 B C:\My Documents\Pregnancy\images\evans_lake.jpg --> ftp.thescreenscene.com /family/images evans_lake.jpg
2002.03.21 23:05 B C:\My Documents\Pregnancy\images\family01.jpg --> ftp.thescreenscene.com /family/images family01.jpg
2002.03.21 23:05 B C:\My Documents\Pregnancy\images\groovy1.jpg --> ftp.thescreenscene.com /family/images groovy1.jpg
2002.03.21 23:05 B C:\My Documents\Pregnancy\images\groovy4.gif --> ftp.thescreenscene.com /family/images groovy4.gif
2002.03.21 23:06 B C:\My Documents\Pregnancy\images\groovyBlue.gif --> ftp.thescreenscene.com /family/images groovyBlue.gif
2002.03.21 23:06 B C:\My Documents\Pregnancy\images\groovyWk32.jpg --> ftp.thescreenscene.com /family/images groovyWk32.jpg
2002.03.21 23:06 B C:\My Documents\Pregnancy\images\indexWkg2_01.jpg --> ftp.thescreenscene.com /family/images indexWkg2_01.jpg
2002.03.21 23:06 B C:\My Documents\Pregnancy\images\indexWkg2_02.jpg --> ftp.thescreenscene.com /family/images indexWkg2_02.jpg
2002.03.21 23:06 B C:\My Documents\Pregnancy\images\indexWkg2_04.jpg --> ftp.thescreenscene.com /family/images indexWkg2_04.jpg
2002.03.21 23:06 B C:\My Documents\Pregnancy\images\indexWkg2_05.jpg --> ftp.thescreenscene.com /family/images indexWkg2_05.jpg
2002.03.21 23:06 B C:\My Documents\Pregnancy\images\jdHanbury.jpg --> ftp.thescreenscene.com /family/images jdHanbury.jpg
2002.03.21 23:06 B C:\My Documents\Pregnancy\images\knockedUp.jpg --> ftp.thescreenscene.com /family/images knockedUp.jpg
2002.03.21 23:07 B C:\My Documents\Pregnancy\images\lotsObaby_030302.jpg --> ftp.thescreenscene.com /family/images lotsObaby_030302.jpg
2002.03.21 23:07 B C:\My Documents\Pregnancy\images\noName_yet.jpg --> ftp.thescreenscene.com /family/images noName_yet.jpg
2002.03.21 23:07 B C:\My Documents\Pregnancy\images\pattern10.jpg --> ftp.thescreenscene.com /family/images pattern10.jpg
2002.03.21 23:07 B C:\My Documents\Pregnancy\images\pattern11.jpg --> ftp.thescreenscene.com /family/images pattern11.jpg
2002.03.21 23:07 B C:\My Documents\Pregnancy\images\pattern12.jpg --> ftp.thescreenscene.com /family/images pattern12.jpg
2002.03.21 23:07 B C:\My Documents\Pregnancy\images\pattern13.jpg --> ftp.thescreenscene.com /family/images pattern13.jpg
2002.03.21 23:07 B C:\My Documents\Pregnancy\images\pattern14.jpg --> ftp.thescreenscene.com /family/images pattern14.jpg
2002.03.21 23:07 B C:\My Documents\Pregnancy\images\pattern15.jpg --> ftp.thescreenscene.com /family/images pattern15.jpg
2002.03.21 23:07 B C:\My Documents\Pregnancy\images\pattern2.jpg --> ftp.thescreenscene.com /family/images pattern2.jpg
2002.03.21 23:07 B C:\My Documents\Pregnancy\images\pattern3.jpg --> ftp.thescreenscene.com /family/images pattern3.jpg
2002.03.21 23:07 B C:\My Documents\Pregnancy\images\pattern4.jpg --> ftp.thescreenscene.com /family/images pattern4.jpg
2002.03.21 23:08 B C:\My Documents\Pregnancy\images\pattern5.jpg --> ftp.thescreenscene.com /family/images pattern5.jpg
2002.03.21 23:08 B C:\My Documents\Pregnancy\images\pattern6.jpg --> ftp.thescreenscene.com /family/images pattern6.jpg
2002.03.21 23:08 B C:\My Documents\Pregnancy\images\pattern7.jpg --> ftp.thescreenscene.com /family/images pattern7.jpg
2002.03.21 23:08 B C:\My Documents\Pregnancy\images\pattern8.jpg --> ftp.thescreenscene.com /family/images pattern8.jpg
2002.03.21 23:08 B C:\My Documents\Pregnancy\images\pattern9.jpg --> ftp.thescreenscene.com /family/images pattern9.jpg
2002.03.21 23:09 B C:\My Documents\Pregnancy\images\pspbrwse.jbf --> ftp.thescreenscene.com /family/images pspbrwse.jbf
2002.03.21 23:09 B C:\My Documents\Pregnancy\images\room01.jpg --> ftp.thescreenscene.com /family/images room01.jpg
2002.03.21 23:09 B C:\My Documents\Pregnancy\images\room02.jpg --> ftp.thescreenscene.com /family/images room02.jpg
2002.03.21 23:09 B C:\My Documents\Pregnancy\images\room03.jpg --> ftp.thescreenscene.com /family/images room03.jpg
2002.03.21 23:10 B C:\My Documents\Pregnancy\images\room04.jpg --> ftp.thescreenscene.com /family/images room04.jpg
2002.03.21 23:10 B C:\My Documents\Pregnancy\images\room05.jpg --> ftp.thescreenscene.com /family/images room05.jpg
2002.03.21 23:10 B C:\My Documents\Pregnancy\images\spacer.gif --> ftp.thescreenscene.com /family/images spacer.gif
2002.03.21 23:10 B C:\My Documents\Pregnancy\images\stanton.jpg --> ftp.thescreenscene.com /family/images stanton.jpg
2002.03.21 23:10 B C:\My Documents\Pregnancy\images\sunglasses030602.jpg --> ftp.thescreenscene.com /family/images sunglasses030602.jpg
2002.03.21 23:10 B C:\My Documents\Pregnancy\images\swimmingStatic.jpg --> ftp.thescreenscene.com /family/images swimmingStatic.jpg
2002.03.21 23:10 B C:\My Documents\Pregnancy\images\wk20_Fatpants.jpg --> ftp.thescreenscene.com /family/images wk20_Fatpants.jpg
2002.03.21 23:11 B C:\My Documents\Pregnancy\images\wk23.jpg --> ftp.thescreenscene.com /family/images wk23.jpg
2002.03.21 23:11 B C:\My Documents\Pregnancy\images\wk30.jpg --> ftp.thescreenscene.com /family/images wk30.jpg
2002.03.21 23:11 B C:\My Documents\Pregnancy\images\wk34.jpg --> ftp.thescreenscene.com /family/images wk34.jpg
2002.03.21 23:11 B C:\My Documents\Pregnancy\images\wk40and3Days.jpg --> ftp.thescreenscene.com /family/images wk40and3Days.jpg
2002.03.21 23:12 B C:\My Documents\Pregnancy\images\wk40and4days.jpg --> ftp.thescreenscene.com /family/images wk40and4days.jpg
2002.03.21 23:12 B C:\My Documents\Pregnancy\images\wk40andaDay.jpg --> ftp.thescreenscene.com /family/images wk40andaDay.jpg
2002.03.21 23:12 B C:\My Documents\Pregnancy\images\wk41_1day.jpg --> ftp.thescreenscene.com /family/images wk41_1day.jpg
2002.03.23 09:06 B C:\My Documents\Pregnancy\images\get_flashplayer.gif --> ftp.thescreenscene.com /family/images get_flashplayer.gif
2002.03.23 09:16 B C:\My Documents\Pregnancy\images\get_flashplayer.gif --> ftp.thescreenscene.com /baby/bath/images get_flashplayer.gif
2002.03.24 09:13 B C:\My Documents\Pregnancy\images\back.gif --> ftp.thescreenscene.com /family/images back.gif
2002.03.24 09:13 B C:\My Documents\Pregnancy\images\back_mo.gif --> ftp.thescreenscene.com /family/images back_mo.gif
2002.03.24 09:13 B C:\My Documents\Pregnancy\images\home.gif --> ftp.thescreenscene.com /family/images home.gif
2002.03.24 09:13 B C:\My Documents\Pregnancy\images\home_mo.gif --> ftp.thescreenscene.com /family/images home_mo.gif
2002.03.24 09:13 B C:\My Documents\Pregnancy\images\next.gif --> ftp.thescreenscene.com /family/images next.gif
2002.03.24 09:13 B C:\My Documents\Pregnancy\images\next_mo.gif --> ftp.thescreenscene.com /family/images next_mo.gif
2002.03.31 10:02 B C:\My Documents\Pregnancy\images\get_flashplayer.gif --> ftp.thescreenscene.com /pictures/images get_flashplayer.gif
2002.04.02 16:14 B C:\My Documents\Family\images\wk40andaDay.jpg <-- /family /pictures/images wk40andaDay.jpg
2002.04.02 16:17 B C:\My Documents\Family\images\wk40andaDay.jpg --> ftp.thescreenscene.com /family/images wk40andaDay.jpg
2002.04.11 02:27 B C:\My Documents\Family\images\lotsO_Stanton041002.jpg --> ftp.thescreenscene.com /family/images lotsO_Stanton041002.jpg
2002.04.11 02:28 B C:\My Documents\Family\images\lotsObaby_030302.jpg --> ftp.thescreenscene.com /baby/images lotsObaby_030302.jpg
2002.04.16 19:04 B C:\My Documents\Family\images\NewYears010100.jpg --> ftp.thescreenscene.com /family/images NewYears010100.jpg
2002.04.16 19:05 B C:\My Documents\Family\images\NewYears010101.jpg --> ftp.thescreenscene.com /family/images NewYears010101.jpg
2002.04.17 19:04 B C:\My Documents\Family\images\loading.gif --> ftp.thescreenscene.com /family/images loading.gif
2002.04.17 19:04 B C:\My Documents\Family\images\top.jpg --> ftp.thescreenscene.com /family/images top.jpg
2002.04.17 19:04 B C:\My Documents\Family\images\right.jpg --> ftp.thescreenscene.com /family/images right.jpg
2002.04.17 19:05 B C:\My Documents\Family\images\bottom.jpg --> ftp.thescreenscene.com /family/images bottom.jpg
2002.04.17 19:05 B C:\My Documents\Family\images\left.jpg --> ftp.thescreenscene.com /family/images left.jpg
2002.04.17 22:56 B C:\My Documents\Family\images\bottom.jpg --> ftp.thescreenscene.com /family/images bottom.jpg
2002.04.17 22:56 B C:\My Documents\Family\images\top.jpg --> ftp.thescreenscene.com /family/images top.jpg
2002.04.17 22:56 B C:\My Documents\Family\images\right.jpg --> ftp.thescreenscene.com /family/images right.jpg
2002.04.17 22:56 B C:\My Documents\Family\images\left.jpg --> ftp.thescreenscene.com /family/images left.jpg
2002.05.05 20:58 B C:\My Documents\Family\images\SamanthasGrad.jpg --> ftp.thescreenscene.com /family/images SamanthasGrad.jpg
2002.05.12 19:54 B C:\My Documents\Family\images\flake1.gif --> ftp.thescreenscene.com /family/images flake1.gif
2002.05.12 19:54 B C:\My Documents\Family\images\flake2.gif --> ftp.thescreenscene.com /family/images flake2.gif
2002.05.12 19:54 B C:\My Documents\Family\images\flake3.gif --> ftp.thescreenscene.com /family/images flake3.gif
2002.05.12 19:54 B C:\My Documents\Family\images\flake4.gif --> ftp.thescreenscene.com /family/images flake4.gif
2002.05.12 19:54 B C:\My Documents\Family\images\flake5.gif --> ftp.thescreenscene.com /family/images flake5.gif
2002.05.12 19:55 B C:\My Documents\Family\images\md20_02.jpg --> ftp.thescreenscene.com /family/images md20_02.jpg
2002.05.15 20:41 B C:\My Documents\Family\images\family01.jpg --> ftp.thescreenscene.com /family/images family01.jpg
2002.06.06 21:55 B C:\My Documents\Family\images\happyHappy.jpg --> ftp.thescreenscene.com /family/images happyHappy.jpg
2002.06.18 20:31 B C:\My Documents\Family\images\fd2002.jpg --> ftp.thescreenscene.com /family/images fd2002.jpg
2002.06.18 20:36 B C:\My Documents\Family\images\fd2002.jpg --> ftp.thescreenscene.com /family/images fd2002.jpg
2002.07.22 21:47 B C:\My Documents\Family\images\firstCampCollage.jpg --> ftp.thescreenscene.com /family/images firstCampCollage.jpg
2002.09.02 15:51 B C:\My Documents\Family\images\redRocks083102.jpg --> ftp.thescreenscene.com /family/images redRocks083102.jpg
2002.11.01 03:08 B C:\My Documents\Family\images\halloween01.jpg --> ftp.thescreenscene.com /family/images halloween01.jpg
2002.11.01 03:10 B C:\My Documents\Family\images\halloween01.jpg --> ftp.thescreenscene.com /family/images halloween01.jpg
2002.11.01 03:11 B C:\My Documents\Family\images\halloween01.jpg --> ftp.thescreenscene.com /family/images halloween01.jpg
2002.11.01 03:19 B C:\My Documents\Family\images\halloween02.jpg --> ftp.thescreenscene.com /family/images halloween02.jpg
2002.11.01 10:08 B C:\My Documents\Family\images\halloween01.jpg --> ftp.thescreenscene.com /family/images halloween01.jpg
2002.11.01 10:09 B C:\My Documents\Family\images\halloween01.jpg --> ftp.thescreenscene.com /family/images halloween01.jpg
2002.11.01 10:09 B C:\My Documents\Family\images\halloween02.jpg --> ftp.thescreenscene.com /family/images halloween02.jpg
2002.12.25 13:21 B C:\My Documents\Family\images\christmas122502.jpg --> ftp.thescreenscene.com /family christmas122502.jpg
2002.12.25 13:22 B C:\My Documents\Family\images\christmas122502.jpg --> ftp.thescreenscene.com /family/images christmas122502.jpg
2003.03.14 17:19 B C:\My Documents\Family\images\tupperhead.jpg --> ftp.thescreenscene.com /family/images tupperhead.jpg
2003.03.14 17:29 B C:\My Documents\Family\images\cotton.jpg --> ftp.thescreenscene.com /family/images cotton.jpg
2003.03.14 18:30 B C:\My Documents\Family\images\tupperhead.jpg --> ftp.thescreenscene.com /family/images tupperhead.jpg
2003.03.16 12:43 B C:\My Documents\Family\images\firstBirthday04.jpg --> ftp.thescreenscene.com /family firstBirthday04.jpg
2003.03.16 12:49 B C:\My Documents\Family\images\firstBirthday03.jpg --> ftp.thescreenscene.com /family firstBirthday03.jpg
2003.03.16 13:20 B C:\My Documents\Family\images\firstBirthday04.jpg --> ftp.thescreenscene.com /family/images firstBirthday04.jpg
2003.03.16 13:23 B C:\My Documents\Family\images\firstBirthday02.jpg --> ftp.thescreenscene.com /family/images firstBirthday02.jpg
2003.03.16 13:23 B C:\My Documents\Family\images\firstBirthday03.jpg --> ftp.thescreenscene.com /family/images firstBirthday03.jpg
2003.03.16 13:30 B C:\My Documents\Family\images\firstBirthday01.jpg --> ftp.thescreenscene.com /family/images firstBirthday01.jpg
2003.03.16 13:32 B C:\My Documents\Family\images\firstBirthday04.jpg --> ftp.thescreenscene.com /family/images firstBirthday04.jpg
2003.03.16 13:33 B C:\My Documents\Family\images\firstBirthday03.jpg --> ftp.thescreenscene.com /family/images firstBirthday03.jpg
2003.03.16 13:34 B C:\My Documents\Family\images\firstBirthday02.jpg --> ftp.thescreenscene.com /family/images firstBirthday02.jpg
2003.03.25 18:29 B C:\My Documents\Family\images\h20harnessSmall.jpg --> ftp.thescreenscene.com /family/images h20harnessSmall.jpg
2003.03.25 18:30 B C:\My Documents\Family\images\h20harnessLg.jpg --> ftp.thescreenscene.com /family/images h20harnessLg.jpg
2003.03.25 18:30 B C:\My Documents\Family\images\blizHbar.gif --> ftp.thescreenscene.com /family/images blizHbar.gif
2003.03.25 18:30 B C:\My Documents\Family\images\blizPathNightShovelSmall.jpg --> ftp.thescreenscene.com /family/images blizPathNightShovelSmall.jpg
2003.03.25 18:30 B C:\My Documents\Family\images\blizPathNightShovelLg.jpg --> ftp.thescreenscene.com /family/images blizPathNightShovelLg.jpg
2003.03.25 18:30 B C:\My Documents\Family\images\blizStantonTunnelSmall.jpg --> ftp.thescreenscene.com /family/images blizStantonTunnelSmall.jpg
2003.03.25 18:30 B C:\My Documents\Family\images\blizStantonTunnelLg.jpg --> ftp.thescreenscene.com /family/images blizStantonTunnelLg.jpg
2003.03.25 18:30 B C:\My Documents\Family\images\blizStantonPorchSmall.jpg --> ftp.thescreenscene.com /family/images blizStantonPorchSmall.jpg
2003.03.25 18:30 B C:\My Documents\Family\images\blizStantonPorchLg.jpg --> ftp.thescreenscene.com /family/images blizStantonPorchLg.jpg
2003.03.25 18:31 B C:\My Documents\Family\images\blizHouseLg.jpg --> ftp.thescreenscene.com /family/images blizHouseLg.jpg
2003.03.25 18:31 B C:\My Documents\Family\images\blizJeepsLg.jpg --> ftp.thescreenscene.com /family/images blizJeepsLg.jpg
2003.03.25 18:31 B C:\My Documents\Family\images\blizJeepsSmall.jpg --> ftp.thescreenscene.com /family/images blizJeepsSmall.jpg
2003.03.25 18:31 B C:\My Documents\Family\images\blizHouseSmall.jpg --> ftp.thescreenscene.com /family/images blizHouseSmall.jpg
2003.03.25 18:31 B C:\My Documents\Family\images\snowFamily_web_link-over.gif --> ftp.thescreenscene.com /family/images snowFamily_web_link-over.gif
2003.03.25 18:31 B C:\My Documents\Family\images\snowFamily_web_01.gif --> ftp.thescreenscene.com /family/images snowFamily_web_01.gif
2003.03.25 18:31 B C:\My Documents\Family\images\snowFamily_web_04.gif --> ftp.thescreenscene.com /family/images snowFamily_web_04.gif
2003.03.25 18:31 B C:\My Documents\Family\images\snowFamily_web_link.gif --> ftp.thescreenscene.com /family/images snowFamily_web_link.gif
2003.03.25 18:31 B C:\My Documents\Family\images\snowFamily_web_09.gif --> ftp.thescreenscene.com /family/images snowFamily_web_09.gif
2003.03.25 18:31 B C:\My Documents\Family\images\snowFamily_web_07.gif --> ftp.thescreenscene.com /family/images snowFamily_web_07.gif
2003.03.25 18:31 B C:\My Documents\Family\images\snowFamily_web_05.gif --> ftp.thescreenscene.com /family/images snowFamily_web_05.gif
2003.03.25 18:31 B C:\My Documents\Family\images\snowFamily_web_03.jpg --> ftp.thescreenscene.com /family/images snowFamily_web_03.jpg
2003.03.25 18:31 B C:\My Documents\Family\images\snowFamily_web_02.gif --> ftp.thescreenscene.com /family/images snowFamily_web_02.gif
2003.03.25 18:31 B C:\My Documents\Family\images\snowFamily_web_08.jpg --> ftp.thescreenscene.com /family/images snowFamily_web_08.jpg
2003.04.04 11:02 B C:\My Documents\Family\images\1stSambob.jpg --> ftp.thescreenscene.com /family/images 1stSambob.jpg
2003.04.15 13:22 B C:\My Documents\Family\images\cotton.jpg --> ftp.thescreenscene.com /family/images cotton.jpg
2003.05.01 11:40 B C:\My Documents\Family\images\halloween01.jpg --> ftp.thescreenscene.com /family/images halloween01.jpg
2003.05.01 11:45 B C:\My Documents\Family\images\halloween01.jpg --> ftp.thescreenscene.com /family/images halloween01.jpg
2003.08.05 20:42 B C:\My Documents\Family\images\haircut02.jpg --> ftp.thescreenscene.com /family haircut02.jpg
2003.08.05 20:42 B C:\My Documents\Family\images\haircut01.jpg --> ftp.thescreenscene.com /family haircut01.jpg
2003.08.05 20:42 B C:\My Documents\Family\images\finished.jpg --> ftp.thescreenscene.com /family finished.jpg
2003.08.27 15:54 B C:\Documents and Settings\Robert Means\My Documents\Family\images\beachWalk.jpg --> ftp.thescreenscene.com /family/images beachWalk.jpg
2003.08.27 15:54 B C:\Documents and Settings\Robert Means\My Documents\Family\images\stantonBeach042703.jpg --> ftp.thescreenscene.com /family/images stantonBeach042703.jpg
2003.08.28 08:15 B C:\Documents and Settings\Robert Means\My Documents\Family\images\wk34.jpg --> ftp.thescreenscene.com /family/images wk34.jpg
2003.09.07 21:06 B C:\Documents and Settings\Robert Means\My Documents\Family\images\wakeUpCollage_090703.jpg --> ftp.thescreenscene.com /family/images wakeUpCollage_090703.jpg
2003.09.08 07:24 B C:\Documents and Settings\Robert Means\My Documents\Family\images\wakeUpCollage_090703.jpg --> ftp.thescreenscene.com /family/images wakeUpCollage_090703.jpg
2003.09.09 11:07 B C:\Documents and Settings\Robert Means\My Documents\Family\images\wakeUpCollage_090703.jpg --> ftp.thescreenscene.com /family/images wakeUpCollage_090703.jpg
2003.09.10 08:23 B C:\Documents and Settings\Robert Means\My Documents\Family\images\wk34_v2.jpg --> ftp.thescreenscene.com /family/images wk34_v2.jpg
2003.09.10 10:58 B C:\Documents and Settings\Robert Means\My Documents\Family\images\wk40andaDay_sm.jpg --> ftp.thescreenscene.com /family/images wk40andaDay_sm.jpg
2003.09.11 08:55 B C:\Documents and Settings\Robert Means\My Documents\Family\images\jdHanbury_framed.jpg --> ftp.thescreenscene.com /family/images jdHanbury_framed.jpg
2003.09.11 10:02 B C:\Documents and Settings\Robert Means\My Documents\Family\images\stealyBkg.jpg --> ftp.thescreenscene.com /family/images stealyBkg.jpg
2003.09.11 20:21 B C:\Documents and Settings\Robert Means\My Documents\Family\images\redRocks083102.jpg --> ftp.thescreenscene.com /family/images redRocks083102.jpg
2003.09.11 20:21 B C:\Documents and Settings\Robert Means\My Documents\Family\images\stealyBkg.jpg --> ftp.thescreenscene.com /family/images stealyBkg.jpg
2003.09.11 20:23 B C:\Documents and Settings\Robert Means\My Documents\Family\images\halloween01.jpg --> ftp.thescreenscene.com /family/images halloween01.jpg
2003.09.20 18:01 B C:\Documents and Settings\Robert Means\My Documents\Family\images\beachWalk.jpg --> ftp.thescreenscene.com /family/images beachWalk.jpg
2003.09.20 18:07 B C:\Documents and Settings\Robert Means\My Documents\Family\images\stantonBeach042703.jpg --> ftp.thescreenscene.com /family/images stantonBeach042703.jpg
2003.09.22 10:16 B C:\Documents and Settings\Robert Means\My Documents\Family\images\JD_Stanton.jpg --> ftp.thescreenscene.com /family/images JD_Stanton.jpg
2003.09.22 10:16 B C:\Documents and Settings\Robert Means\My Documents\Family\images\hanbury_smallPic.jpg --> ftp.thescreenscene.com /family/images hanbury_smallPic.jpg
2003.09.22 10:16 B C:\Documents and Settings\Robert Means\My Documents\Family\images\hanbury_txt.jpg --> ftp.thescreenscene.com /family/images hanbury_txt.jpg
2003.09.22 10:16 B C:\Documents and Settings\Robert Means\My Documents\Family\images\hanbury_link.jpg --> ftp.thescreenscene.com /family/images hanbury_link.jpg
2003.09.22 10:16 B C:\Documents and Settings\Robert Means\My Documents\Family\images\hanbury_link-over.jpg --> ftp.thescreenscene.com /family/images hanbury_link-over.jpg
2003.10.25 15:46 B C:\Documents and Settings\Robert Means\My Documents\Family\images\stantonSketch.jpg --> ftp.thescreenscene.com /family/images stantonSketch.jpg
2003.10.25 22:58 B C:\Documents and Settings\Robert Means\My Documents\Family\images\stantonSketch.jpg --> ftp.thescreenscene.com /family stantonSketch.jpg
2003.10.25 23:24 B C:\Documents and Settings\Robert Means\My Documents\Family\images\stantonSketch.jpg --> ftp.thescreenscene.com /family/images stantonSketch.jpg
2003.10.26 01:19 B C:\Documents and Settings\Robert Means\My Documents\Family\images\youAreDumb.jpg --> ftp.thescreenscene.com /family/images youAreDumb.jpg
2003.10.26 01:38 B C:\Documents and Settings\Robert Means\My Documents\Family\images\youAreDumb.jpg --> ftp.thescreenscene.com /family/images youAreDumb.jpg
2003.10.26 01:39 B C:\Documents and Settings\Robert Means\My Documents\Family\images\youAreDumb.jpg --> ftp.thescreenscene.com /family/images youAreDumb.jpg
2003.10.26 01:02 B C:\Documents and Settings\Robert Means\My Documents\Family\images\stantonSketch.jpg --> ftp.thescreenscene.com /family/images stantonSketch.jpg
2003.10.27 08:39 B C:\Documents and Settings\Robert Means\My Documents\Family\images\wk34_v2.jpg --> ftp.thescreenscene.com /family/images wk34_v2.jpg
2004.02.01 09:07 B C:\Documents and Settings\Robert\My Documents\Family\images\12daysOverdue.jpg --> ftp.fatpanty.com /images 12daysOverdue.jpg
2004.02.01 09:07 B C:\Documents and Settings\Robert\My Documents\Family\images\1stSambob.jpg --> ftp.fatpanty.com /images 1stSambob.jpg
2004.02.01 09:09 B C:\Documents and Settings\Robert\My Documents\Family\images\12daysOverdue.jpg --> ftp.fatpanty.com /images 12daysOverdue.jpg
2004.02.01 09:09 B C:\Documents and Settings\Robert\My Documents\Family\images\1stSambob.jpg --> ftp.fatpanty.com /images 1stSambob.jpg
2004.02.01 09:09 B C:\Documents and Settings\Robert\My Documents\Family\images\66ccff.gif --> ftp.fatpanty.com /images 66ccff.gif
2004.02.01 09:09 B C:\Documents and Settings\Robert\My Documents\Family\images\66ffcc.gif --> ftp.fatpanty.com /images 66ffcc.gif
2004.02.01 09:09 B C:\Documents and Settings\Robert\My Documents\Family\images\99ccff.gif --> ftp.fatpanty.com /images 99ccff.gif
2004.02.01 09:09 B C:\Documents and Settings\Robert\My Documents\Family\images\atomBirth2.gif --> ftp.fatpanty.com /images atomBirth2.gif
2004.02.01 09:10 B C:\Documents and Settings\Robert\My Documents\Family\images\baby001.jpg --> ftp.fatpanty.com /images baby001.jpg
2004.02.01 09:10 B C:\Documents and Settings\Robert\My Documents\Family\images\back.gif --> ftp.fatpanty.com /images back.gif
2004.02.01 09:10 B C:\Documents and Settings\Robert\My Documents\Family\images\back_mo.gif --> ftp.fatpanty.com /images back_mo.gif
2004.02.01 09:10 B C:\Documents and Settings\Robert\My Documents\Family\images\ballon3.gif --> ftp.fatpanty.com /images ballon3.gif
2004.02.01 09:10 B C:\Documents and Settings\Robert\My Documents\Family\images\bath01.jpg --> ftp.fatpanty.com /images bath01.jpg
2004.02.01 09:10 B C:\Documents and Settings\Robert\My Documents\Family\images\bath03.jpg --> ftp.fatpanty.com /images bath03.jpg
2004.02.01 09:10 B C:\Documents and Settings\Robert\My Documents\Family\images\bath05.jpg --> ftp.fatpanty.com /images bath05.jpg
2004.02.01 09:10 B C:\Documents and Settings\Robert\My Documents\Family\images\bath06.jpg --> ftp.fatpanty.com /images bath06.jpg
2004.02.01 09:11 B C:\Documents and Settings\Robert\My Documents\Family\images\beachWalk.jpg --> ftp.fatpanty.com /images beachWalk.jpg
2004.02.01 09:11 B C:\Documents and Settings\Robert\My Documents\Family\images\blizHbar.gif --> ftp.fatpanty.com /images blizHbar.gif
2004.02.01 09:11 B C:\Documents and Settings\Robert\My Documents\Family\images\blizHouseLg.jpg --> ftp.fatpanty.com /images blizHouseLg.jpg
2004.02.01 09:11 B C:\Documents and Settings\Robert\My Documents\Family\images\blizHouseSmall.jpg --> ftp.fatpanty.com /images blizHouseSmall.jpg
2004.02.01 09:12 B C:\Documents and Settings\Robert\My Documents\Family\images\blizJeepsLg.jpg --> ftp.fatpanty.com /images blizJeepsLg.jpg
2004.02.01 09:12 B C:\Documents and Settings\Robert\My Documents\Family\images\blizJeepsSmall.jpg --> ftp.fatpanty.com /images blizJeepsSmall.jpg
2004.02.01 09:12 B C:\Documents and Settings\Robert\My Documents\Family\images\blizPathNightShovelLg.jpg --> ftp.fatpanty.com /images blizPathNightShovelLg.jpg
2004.02.01 09:12 B C:\Documents and Settings\Robert\My Documents\Family\images\blizPathNightShovelSmall.jpg --> ftp.fatpanty.com /images blizPathNightShovelSmall.jpg
2004.02.01 09:12 B C:\Documents and Settings\Robert\My Documents\Family\images\blizStantonPorchLg.jpg --> ftp.fatpanty.com /images blizStantonPorchLg.jpg
2004.02.01 09:12 B C:\Documents and Settings\Robert\My Documents\Family\images\blizStantonPorchSmall.jpg --> ftp.fatpanty.com /images blizStantonPorchSmall.jpg
2004.02.01 09:12 B C:\Documents and Settings\Robert\My Documents\Family\images\blizStantonTunnelLg.jpg --> ftp.fatpanty.com /images blizStantonTunnelLg.jpg
2004.02.01 09:12 B C:\Documents and Settings\Robert\My Documents\Family\images\blizStantonTunnelSmall.jpg --> ftp.fatpanty.com /images blizStantonTunnelSmall.jpg
2004.02.01 09:12 B C:\Documents and Settings\Robert\My Documents\Family\images\bottom.jpg --> ftp.fatpanty.com /images bottom.jpg
2004.02.01 09:13 B C:\Documents and Settings\Robert\My Documents\Family\images\btmMgn.gif --> ftp.fatpanty.com /images btmMgn.gif
2004.02.01 09:13 B C:\Documents and Settings\Robert\My Documents\Family\images\busterMax.jpg --> ftp.fatpanty.com /images busterMax.jpg
2004.02.01 09:13 B C:\Documents and Settings\Robert\My Documents\Family\images\cccccc.gif --> ftp.fatpanty.com /images cccccc.gif
2004.02.01 09:13 B C:\Documents and Settings\Robert\My Documents\Family\images\ccccff.gif --> ftp.fatpanty.com /images ccccff.gif
2004.02.01 09:13 B C:\Documents and Settings\Robert\My Documents\Family\images\ccff33.gif --> ftp.fatpanty.com /images ccff33.gif
2004.02.01 09:13 B C:\Documents and Settings\Robert\My Documents\Family\images\ccffcc.gif --> ftp.fatpanty.com /images ccffcc.gif
2004.02.01 09:14 B C:\Documents and Settings\Robert\My Documents\Family\images\christmas122502.jpg --> ftp.fatpanty.com /images christmas122502.jpg
2004.02.01 09:14 B C:\Documents and Settings\Robert\My Documents\Family\images\cloudsnew.jpg --> ftp.fatpanty.com /images cloudsnew.jpg
2004.02.01 09:14 B C:\Documents and Settings\Robert\My Documents\Family\images\cotton.jpg --> ftp.fatpanty.com /images cotton.jpg
2004.02.01 09:14 B C:\Documents and Settings\Robert\My Documents\Family\images\evans_lake.jpg --> ftp.fatpanty.com /images evans_lake.jpg
2004.02.01 09:15 B C:\Documents and Settings\Robert\My Documents\Family\images\family01.jpg --> ftp.fatpanty.com /images family01.jpg
2004.02.01 09:15 B C:\Documents and Settings\Robert\My Documents\Family\images\fd2002.jpg --> ftp.fatpanty.com /images fd2002.jpg
2004.02.01 09:15 B C:\Documents and Settings\Robert\My Documents\Family\images\ff0000.gif --> ftp.fatpanty.com /images ff0000.gif
2004.02.01 09:15 B C:\Documents and Settings\Robert\My Documents\Family\images\ff9933.gif --> ftp.fatpanty.com /images ff9933.gif
2004.02.01 09:15 B C:\Documents and Settings\Robert\My Documents\Family\images\ffccff.gif --> ftp.fatpanty.com /images ffccff.gif
2004.02.01 09:15 B C:\Documents and Settings\Robert\My Documents\Family\images\ffff33.gif --> ftp.fatpanty.com /images ffff33.gif
2004.02.01 09:15 B C:\Documents and Settings\Robert\My Documents\Family\images\ffffcc.gif --> ftp.fatpanty.com /images ffffcc.gif
2004.02.01 09:15 B C:\Documents and Settings\Robert\My Documents\Family\images\ffffff.gif --> ftp.fatpanty.com /images ffffff.gif
2004.02.01 09:15 B C:\Documents and Settings\Robert\My Documents\Family\images\filmStrip.jpg --> ftp.fatpanty.com /images filmStrip.jpg
2004.02.01 09:16 B C:\Documents and Settings\Robert\My Documents\Family\images\finished.jpg --> ftp.fatpanty.com /images finished.jpg
2004.02.01 09:16 B C:\Documents and Settings\Robert\My Documents\Family\images\firstBirthday01.jpg --> ftp.fatpanty.com /images firstBirthday01.jpg
2004.02.01 09:16 B C:\Documents and Settings\Robert\My Documents\Family\images\firstBirthday02.jpg --> ftp.fatpanty.com /images firstBirthday02.jpg
2004.02.01 09:17 B C:\Documents and Settings\Robert\My Documents\Family\images\firstBirthday03.jpg --> ftp.fatpanty.com /images firstBirthday03.jpg
2004.02.01 09:17 B C:\Documents and Settings\Robert\My Documents\Family\images\firstBirthday04.jpg --> ftp.fatpanty.com /images firstBirthday04.jpg
2004.02.01 09:18 B C:\Documents and Settings\Robert\My Documents\Family\images\firstCampCollage.jpg --> ftp.fatpanty.com /images firstCampCollage.jpg
2004.02.01 09:18 B C:\Documents and Settings\Robert\My Documents\Family\images\flake1.gif --> ftp.fatpanty.com /images flake1.gif
2004.02.01 09:18 B C:\Documents and Settings\Robert\My Documents\Family\images\flake2.gif --> ftp.fatpanty.com /images flake2.gif
2004.02.01 09:18 B C:\Documents and Settings\Robert\My Documents\Family\images\flake3.gif --> ftp.fatpanty.com /images flake3.gif
2004.02.01 09:18 B C:\Documents and Settings\Robert\My Documents\Family\images\flake4.gif --> ftp.fatpanty.com /images flake4.gif
2004.02.01 09:18 B C:\Documents and Settings\Robert\My Documents\Family\images\flake5.gif --> ftp.fatpanty.com /images flake5.gif
2004.02.01 09:18 B C:\Documents and Settings\Robert\My Documents\Family\images\get_flashplayer.gif --> ftp.fatpanty.com /images get_flashplayer.gif
2004.02.01 09:18 B C:\Documents and Settings\Robert\My Documents\Family\images\groovy1.jpg --> ftp.fatpanty.com /images groovy1.jpg
2004.02.01 09:18 B C:\Documents and Settings\Robert\My Documents\Family\images\groovy4.gif --> ftp.fatpanty.com /images groovy4.gif
2004.02.01 09:18 B C:\Documents and Settings\Robert\My Documents\Family\images\groovyBlue.gif --> ftp.fatpanty.com /images groovyBlue.gif
2004.02.01 09:18 B C:\Documents and Settings\Robert\My Documents\Family\images\h20harnessLg.jpg --> ftp.fatpanty.com /images h20harnessLg.jpg
2004.02.01 09:18 B C:\Documents and Settings\Robert\My Documents\Family\images\h20harnessSmall.jpg --> ftp.fatpanty.com /images h20harnessSmall.jpg
2004.02.01 09:19 B C:\Documents and Settings\Robert\My Documents\Family\images\haircut01.jpg --> ftp.fatpanty.com /images haircut01.jpg
2004.02.01 09:19 B C:\Documents and Settings\Robert\My Documents\Family\images\haircut02.jpg --> ftp.fatpanty.com /images haircut02.jpg
2004.02.01 09:20 B C:\Documents and Settings\Robert\My Documents\Family\images\halloween01.jpg --> ftp.fatpanty.com /images halloween01.jpg
2004.02.01 09:20 B C:\Documents and Settings\Robert\My Documents\Family\images\halloween02.jpg --> ftp.fatpanty.com /images halloween02.jpg
2004.02.01 09:20 B C:\Documents and Settings\Robert\My Documents\Family\images\hanbury_smallPic.jpg --> ftp.fatpanty.com /images hanbury_smallPic.jpg
2004.02.01 09:20 B C:\Documents and Settings\Robert\My Documents\Family\images\hanbury_txt.jpg --> ftp.fatpanty.com /images hanbury_txt.jpg
2004.02.01 09:21 B C:\Documents and Settings\Robert\My Documents\Family\images\happyHappy.jpg --> ftp.fatpanty.com /images happyHappy.jpg
2004.02.01 09:21 B C:\Documents and Settings\Robert\My Documents\Family\images\home.gif --> ftp.fatpanty.com /images home.gif
2004.02.01 09:21 B C:\Documents and Settings\Robert\My Documents\Family\images\home_mo.gif --> ftp.fatpanty.com /images home_mo.gif
2004.02.01 09:21 B C:\Documents and Settings\Robert\My Documents\Family\images\indexWkg2_01.jpg --> ftp.fatpanty.com /images indexWkg2_01.jpg
2004.02.01 09:21 B C:\Documents and Settings\Robert\My Documents\Family\images\indexWkg2_02.jpg --> ftp.fatpanty.com /images indexWkg2_02.jpg
2004.02.01 09:21 B C:\Documents and Settings\Robert\My Documents\Family\images\indexWkg2_04.jpg --> ftp.fatpanty.com /images indexWkg2_04.jpg
2004.02.01 09:21 B C:\Documents and Settings\Robert\My Documents\Family\images\indexWkg2_05.jpg --> ftp.fatpanty.com /images indexWkg2_05.jpg
2004.02.01 09:21 B C:\Documents and Settings\Robert\My Documents\Family\images\JD_Stanton.jpg --> ftp.fatpanty.com /images JD_Stanton.jpg
2004.02.01 09:22 B C:\Documents and Settings\Robert\My Documents\Family\images\jdHanbury.jpg --> ftp.fatpanty.com /images jdHanbury.jpg
2004.02.01 09:22 B C:\Documents and Settings\Robert\My Documents\Family\images\jdHanbury_framed.jpg --> ftp.fatpanty.com /images jdHanbury_framed.jpg
2004.02.01 09:22 B C:\Documents and Settings\Robert\My Documents\Family\images\knockedUp.jpg --> ftp.fatpanty.com /images knockedUp.jpg
2004.02.01 09:22 B C:\Documents and Settings\Robert\My Documents\Family\images\left.jpg --> ftp.fatpanty.com /images left.jpg
2004.02.01 09:22 B C:\Documents and Settings\Robert\My Documents\Family\images\leftMgn.gif --> ftp.fatpanty.com /images leftMgn.gif
2004.02.01 09:22 B C:\Documents and Settings\Robert\My Documents\Family\images\loading.gif --> ftp.fatpanty.com /images loading.gif
2004.02.01 09:22 B C:\Documents and Settings\Robert\My Documents\Family\images\lotsO_Stanton041002.jpg --> ftp.fatpanty.com /images lotsO_Stanton041002.jpg
2004.02.01 09:23 B C:\Documents and Settings\Robert\My Documents\Family\images\lotsObaby_030302.jpg --> ftp.fatpanty.com /images lotsObaby_030302.jpg
2004.02.01 09:23 B C:\Documents and Settings\Robert\My Documents\Family\images\md20_02.jpg --> ftp.fatpanty.com /images md20_02.jpg
2004.02.01 09:24 B C:\Documents and Settings\Robert\My Documents\Family\images\NewYears010100.jpg --> ftp.fatpanty.com /images NewYears010100.jpg
2004.02.01 09:24 B C:\Documents and Settings\Robert\My Documents\Family\images\NewYears010101.jpg --> ftp.fatpanty.com /images NewYears010101.jpg
2004.02.01 09:24 B C:\Documents and Settings\Robert\My Documents\Family\images\next.gif --> ftp.fatpanty.com /images next.gif
2004.02.01 09:24 B C:\Documents and Settings\Robert\My Documents\Family\images\next_mo.gif --> ftp.fatpanty.com /images next_mo.gif
2004.02.01 09:25 B C:\Documents and Settings\Robert\My Documents\Family\images\noName_yet.jpg --> ftp.fatpanty.com /images noName_yet.jpg
2004.02.01 09:25 B C:\Documents and Settings\Robert\My Documents\Family\images\pattern10.jpg --> ftp.fatpanty.com /images pattern10.jpg
2004.02.01 09:25 B C:\Documents and Settings\Robert\My Documents\Family\images\pattern11.jpg --> ftp.fatpanty.com /images pattern11.jpg
2004.02.01 09:25 B C:\Documents and Settings\Robert\My Documents\Family\images\pattern12.jpg --> ftp.fatpanty.com /images pattern12.jpg
2004.02.01 09:25 B C:\Documents and Settings\Robert\My Documents\Family\images\pattern13.jpg --> ftp.fatpanty.com /images pattern13.jpg
2004.02.01 09:25 B C:\Documents and Settings\Robert\My Documents\Family\images\pattern14.jpg --> ftp.fatpanty.com /images pattern14.jpg
2004.02.01 09:25 B C:\Documents and Settings\Robert\My Documents\Family\images\pattern15.jpg --> ftp.fatpanty.com /images pattern15.jpg
2004.02.01 09:25 B C:\Documents and Settings\Robert\My Documents\Family\images\pattern2.jpg --> ftp.fatpanty.com /images pattern2.jpg
2004.02.01 09:25 B C:\Documents and Settings\Robert\My Documents\Family\images\pattern3.jpg --> ftp.fatpanty.com /images pattern3.jpg
2004.02.01 09:25 B C:\Documents and Settings\Robert\My Documents\Family\images\pattern4.jpg --> ftp.fatpanty.com /images pattern4.jpg
2004.02.01 09:25 B C:\Documents and Settings\Robert\My Documents\Family\images\pattern5.jpg --> ftp.fatpanty.com /images pattern5.jpg
2004.02.01 09:26 B C:\Documents and Settings\Robert\My Documents\Family\images\pattern6.jpg --> ftp.fatpanty.com /images pattern6.jpg
2004.02.01 09:26 B C:\Documents and Settings\Robert\My Documents\Family\images\pattern7.jpg --> ftp.fatpanty.com /images pattern7.jpg
2004.02.01 09:26 B C:\Documents and Settings\Robert\My Documents\Family\images\pattern8.jpg --> ftp.fatpanty.com /images pattern8.jpg
2004.02.01 09:26 B C:\Documents and Settings\Robert\My Documents\Family\images\pattern9.jpg --> ftp.fatpanty.com /images pattern9.jpg
2004.02.01 09:27 B C:\Documents and Settings\Robert\My Documents\Family\images\pspbrwse.jbf --> ftp.fatpanty.com /images pspbrwse.jbf
2004.02.01 09:28 B C:\Documents and Settings\Robert\My Documents\Family\images\redRocks083102.jpg --> ftp.fatpanty.com /images redRocks083102.jpg
2004.02.01 09:28 B C:\Documents and Settings\Robert\My Documents\Family\images\right.jpg --> ftp.fatpanty.com /images right.jpg
2004.02.01 09:28 B C:\Documents and Settings\Robert\My Documents\Family\images\rightMgn.gif --> ftp.fatpanty.com /images rightMgn.gif
2004.02.01 09:28 B C:\Documents and Settings\Robert\My Documents\Family\images\room01.jpg --> ftp.fatpanty.com /images room01.jpg
2004.02.01 09:28 B C:\Documents and Settings\Robert\My Documents\Family\images\room02.jpg --> ftp.fatpanty.com /images room02.jpg
2004.02.01 09:29 B C:\Documents and Settings\Robert\My Documents\Family\images\room03.jpg --> ftp.fatpanty.com /images room03.jpg
2004.02.01 09:29 B C:\Documents and Settings\Robert\My Documents\Family\images\room04.jpg --> ftp.fatpanty.com /images room04.jpg
2004.02.01 09:29 B C:\Documents and Settings\Robert\My Documents\Family\images\room05.jpg --> ftp.fatpanty.com /images room05.jpg
2004.02.01 09:29 B C:\Documents and Settings\Robert\My Documents\Family\images\samanthasGrad.jpg --> ftp.fatpanty.com /images samanthasGrad.jpg
2004.02.01 09:29 B C:\Documents and Settings\Robert\My Documents\Family\images\snowFamily_web_01.gif --> ftp.fatpanty.com /images snowFamily_web_01.gif
2004.02.01 09:30 B C:\Documents and Settings\Robert\My Documents\Family\images\snowFamily_web_02.gif --> ftp.fatpanty.com /images snowFamily_web_02.gif
2004.02.01 09:30 B C:\Documents and Settings\Robert\My Documents\Family\images\snowFamily_web_03.jpg --> ftp.fatpanty.com /images snowFamily_web_03.jpg
2004.02.01 09:30 B C:\Documents and Settings\Robert\My Documents\Family\images\snowFamily_web_04.gif --> ftp.fatpanty.com /images snowFamily_web_04.gif
2004.02.01 09:30 B C:\Documents and Settings\Robert\My Documents\Family\images\snowFamily_web_05.gif --> ftp.fatpanty.com /images snowFamily_web_05.gif
2004.02.01 09:30 B C:\Documents and Settings\Robert\My Documents\Family\images\snowFamily_web_07.gif --> ftp.fatpanty.com /images snowFamily_web_07.gif
2004.02.01 09:30 B C:\Documents and Settings\Robert\My Documents\Family\images\snowFamily_web_08.jpg --> ftp.fatpanty.com /images snowFamily_web_08.jpg
2004.02.01 09:30 B C:\Documents and Settings\Robert\My Documents\Family\images\snowFamily_web_09.gif --> ftp.fatpanty.com /images snowFamily_web_09.gif
2004.02.01 09:30 B C:\Documents and Settings\Robert\My Documents\Family\images\snowFamily_web_link-over.gif --> ftp.fatpanty.com /images snowFamily_web_link-over.gif
2004.02.01 09:30 B C:\Documents and Settings\Robert\My Documents\Family\images\snowFamily_web_link.gif --> ftp.fatpanty.com /images snowFamily_web_link.gif
2004.02.01 09:30 B C:\Documents and Settings\Robert\My Documents\Family\images\spacer.gif --> ftp.fatpanty.com /images spacer.gif
2004.02.01 09:30 B C:\Documents and Settings\Robert\My Documents\Family\images\stanton.jpg --> ftp.fatpanty.com /images stanton.jpg
2004.02.01 09:30 B C:\Documents and Settings\Robert\My Documents\Family\images\stantonBeach042703.jpg --> ftp.fatpanty.com /images stantonBeach042703.jpg
2004.02.01 09:31 B C:\Documents and Settings\Robert\My Documents\Family\images\stantonPaint.gif --> ftp.fatpanty.com /images stantonPaint.gif
2004.02.01 09:31 B C:\Documents and Settings\Robert\My Documents\Family\images\stantonSketch.jpg --> ftp.fatpanty.com /images stantonSketch.jpg
2004.02.01 09:31 B C:\Documents and Settings\Robert\My Documents\Family\images\starbackground2.gif --> ftp.fatpanty.com /images starbackground2.gif
2004.02.01 09:31 B C:\Documents and Settings\Robert\My Documents\Family\images\stealyBkg.jpg --> ftp.fatpanty.com /images stealyBkg.jpg
2004.02.01 09:31 B C:\Documents and Settings\Robert\My Documents\Family\images\sunglasses030602.jpg --> ftp.fatpanty.com /images sunglasses030602.jpg
2004.02.01 09:31 B C:\Documents and Settings\Robert\My Documents\Family\images\swimmingStatic.jpg --> ftp.fatpanty.com /images swimmingStatic.jpg
2004.02.01 09:35 B C:\Documents and Settings\Robert\My Documents\Family\images\Thumbs.db --> ftp.fatpanty.com /images Thumbs.db
2004.02.01 09:36 B C:\Documents and Settings\Robert\My Documents\Family\images\top.jpg --> ftp.fatpanty.com /images top.jpg
2004.02.01 09:36 B C:\Documents and Settings\Robert\My Documents\Family\images\topMgn.gif --> ftp.fatpanty.com /images topMgn.gif
2004.02.01 09:36 B C:\Documents and Settings\Robert\My Documents\Family\images\tupperhead.jpg --> ftp.fatpanty.com /images tupperhead.jpg
2004.02.01 09:37 B C:\Documents and Settings\Robert\My Documents\Family\images\wakeUpCollage_090703.jpg --> ftp.fatpanty.com /images wakeUpCollage_090703.jpg
2004.02.01 09:37 B C:\Documents and Settings\Robert\My Documents\Family\images\wk20_Fatpants.jpg --> ftp.fatpanty.com /images wk20_Fatpants.jpg
2004.02.01 09:37 B C:\Documents and Settings\Robert\My Documents\Family\images\wk23.jpg --> ftp.fatpanty.com /images wk23.jpg
2004.02.01 09:37 B C:\Documents and Settings\Robert\My Documents\Family\images\wk30.jpg --> ftp.fatpanty.com /images wk30.jpg
2004.02.01 09:38 B C:\Documents and Settings\Robert\My Documents\Family\images\wk34_v2.jpg --> ftp.fatpanty.com /images wk34_v2.jpg
2004.02.01 09:38 B C:\Documents and Settings\Robert\My Documents\Family\images\wk40and3Days.jpg --> ftp.fatpanty.com /images wk40and3Days.jpg
2004.02.01 09:39 B C:\Documents and Settings\Robert\My Documents\Family\images\wk40and4days.jpg --> ftp.fatpanty.com /images wk40and4days.jpg
2004.02.01 09:39 B C:\Documents and Settings\Robert\My Documents\Family\images\wk40andaDay.jpg --> ftp.fatpanty.com /images wk40andaDay.jpg
2004.02.01 09:39 B C:\Documents and Settings\Robert\My Documents\Family\images\wk40andaDay_sm.jpg --> ftp.fatpanty.com /images wk40andaDay_sm.jpg
2004.02.01 09:40 B C:\Documents and Settings\Robert\My Documents\Family\images\wk41_1day.jpg --> ftp.fatpanty.com /images wk41_1day.jpg
2004.02.01 09:40 B C:\Documents and Settings\Robert\My Documents\Family\images\youAreDumb.jpg --> ftp.fatpanty.com /images youAreDumb.jpg
2004.02.20 21:58 B C:\Documents and Settings\Robert\My Documents\Fatpanty\images\stanton021504_2.jpg --> ftp.fatpanty.com /images stanton021504_2.jpg
2004.02.20 21:58 B C:\Documents and Settings\Robert\My Documents\Fatpanty\images\stanton021504.jpg --> ftp.fatpanty.com /images stanton021504.jpg
2004.04.11 14:24 B C:\Documents and Settings\Robert\My Documents\Fatpanty\images\easter2004.jpg --> ftp.fatpanty.com /images easter2004.jpg
2004.04.11 14:25 B C:\Documents and Settings\Robert\My Documents\Fatpanty\images\heavyCottonPaper.jpg --> ftp.fatpanty.com /images heavyCottonPaper.jpg
2004.04.12 21:40 B C:\Documents and Settings\Robert\My Documents\Fatpanty\images\baby001_new.jpg --> ftp.fatpanty.com /images baby001_new.jpg
2004.04.12 21:46 B C:\Documents and Settings\Robert\My Documents\Fatpanty\images\easter2004.jpg --> ftp.fatpanty.com /images easter2004.jpg
2004.04.13 09:04 B C:\Documents and Settings\Robert\My Documents\Fatpanty\images\easter2004.jpg --> ftp.fatpanty.com /images easter2004.jpg
2004.04.13 11:05 B C:\Documents and Settings\Robert\My Documents\Fatpanty\images\easter2004.jpg --> ftp.fatpanty.com /images easter2004.jpg
2004.04.13 11:26 B C:\Documents and Settings\Robert\My Documents\Fatpanty\images\easter2004.jpg --> ftp.fatpanty.com /images easter2004.jpg
2004.04.14 14:31 B C:\Documents and Settings\Robert\My Documents\Fatpanty\images\home_mo.gif --> ftp.fatpanty.com /images home_mo.gif
2004.04.14 14:31 B C:\Documents and Settings\Robert\My Documents\Fatpanty\images\home.gif --> ftp.fatpanty.com /images home.gif
2004.04.14 14:31 B C:\Documents and Settings\Robert\My Documents\Fatpanty\images\next_mo.gif --> ftp.fatpanty.com /images next_mo.gif
2004.04.14 14:31 B C:\Documents and Settings\Robert\My Documents\Fatpanty\images\next.gif --> ftp.fatpanty.com /images next.gif
2004.04.14 14:31 B C:\Documents and Settings\Robert\My Documents\Fatpanty\images\back_mo.gif --> ftp.fatpanty.com /images back_mo.gif
2004.04.14 14:31 B C:\Documents and Settings\Robert\My Documents\Fatpanty\images\back.gif --> ftp.fatpanty.com /images back.gif
2004.04.25 13:31 B C:\Documents and Settings\Robert\My Documents\Fatpanty\images\power03.jpg --> ftp.fatpanty.com /images power03.jpg
2004.04.25 13:31 B C:\Documents and Settings\Robert\My Documents\Fatpanty\images\power01.jpg --> ftp.fatpanty.com /images power01.jpg
2004.04.25 20:24 B C:\Documents and Settings\Robert\My Documents\Fatpanty\images\power03.jpg --> ftp.fatpanty.com /images power03.jpg
2004.04.26 23:55 B C:\Documents and Settings\Robert\My Documents\Fatpanty\images\power03.jpg --> ftp.fatpanty.com /images power03.jpg
2004.04.26 23:55 B C:\Documents and Settings\Robert\My Documents\Fatpanty\images\power01.jpg --> ftp.fatpanty.com /images power01.jpg
2004.04.28 01:20 B C:\Documents and Settings\Robert\My Documents\Fatpanty\images\power01.jpg --> ftp.fatpanty.com /images power01.jpg
2004.05.03 18:46 B C:\Documents and Settings\Robert\My Documents\Fatpanty\images\10years.jpg --> ftp.fatpanty.com /images 10years.jpg
2004.05.04 02:43 B C:\Documents and Settings\Robert\My Documents\Fatpanty\images\10years.jpg --> ftp.fatpanty.com /images 10years.jpg
2004.08.18 14:41 B C:\Documents and Settings\Robert\My Documents\Fatpanty\images\peace07.jpg --> ftp.fatpanty.com /images peace07.jpg
2004.08.18 14:41 B C:\Documents and Settings\Robert\My Documents\Fatpanty\images\peace06.jpg --> ftp.fatpanty.com /images peace06.jpg
2004.08.18 14:41 B C:\Documents and Settings\Robert\My Documents\Fatpanty\images\peace04.jpg --> ftp.fatpanty.com /images peace04.jpg
2004.08.18 14:42 B C:\Documents and Settings\Robert\My Documents\Fatpanty\images\peace02.jpg --> ftp.fatpanty.com /images peace02.jpg
2004.08.18 14:42 B C:\Documents and Settings\Robert\My Documents\Fatpanty\images\peace01.jpg --> ftp.fatpanty.com /images peace01.jpg
2004.08.18 14:42 B C:\Documents and Settings\Robert\My Documents\Fatpanty\images\trashFlies.gif --> ftp.fatpanty.com /images trashFlies.gif
2004.08.18 14:42 B C:\Documents and Settings\Robert\My Documents\Fatpanty\images\peace2txt.gif --> ftp.fatpanty.com /images peace2txt.gif
2004.08.18 14:42 B C:\Documents and Settings\Robert\My Documents\Fatpanty\images\peaceLink_over.jpg --> ftp.fatpanty.com /images peaceLink_over.jpg
2004.08.18 14:42 B C:\Documents and Settings\Robert\My Documents\Fatpanty\images\peaceLink.jpg --> ftp.fatpanty.com /images peaceLink.jpg
2004.08.18 14:42 B C:\Documents and Settings\Robert\My Documents\Fatpanty\images\peace2.jpg --> ftp.fatpanty.com /images peace2.jpg
2004.08.18 14:42 B C:\Documents and Settings\Robert\My Documents\Fatpanty\images\baby002.jpg --> ftp.fatpanty.com /images baby002.jpg
